 WARN [2017-05-09 18:17:04,730] (ComponentFactory.java:getComponentBean:1149) - Unable to get component for id 'Certificate': Unable to get bean for id 'Certificate'
 WARN [2017-05-09 18:17:04,740] (ComponentFactory.java:getComponentBean:1149) - Unable to get component for id 'AuraDefinitionBundle': Unable to get bean for id 'AuraDefinitionBundle'
 WARN [2017-05-09 18:17:04,750] (ComponentFactory.java:getComponentBean:1149) - Unable to get component for id 'ExternalDataSource': Unable to get bean for id 'ExternalDataSource'
 WARN [2017-05-09 18:17:04,760] (ComponentFactory.java:getComponentBean:1149) - Unable to get component for id 'NamedCredential': Unable to get bean for id 'NamedCredential'
 WARN [2017-05-09 18:17:04,780] (ComponentFactory.java:getComponentBean:1149) - Unable to get component for id 'GlobalPicklist': Unable to get bean for id 'GlobalPicklist'
 WARN [2017-05-09 18:17:04,800] (ComponentFactory.java:getComponentBean:1149) - Unable to get component for id 'CustomFeedFilter': Unable to get bean for id 'CustomFeedFilter'
 WARN [2017-05-09 18:17:04,820] (ComponentFactory.java:getComponentBean:1149) - Unable to get component for id 'FlowDefinition': Unable to get bean for id 'FlowDefinition'
 WARN [2017-05-09 18:17:04,840] (ComponentFactory.java:getComponentBean:1149) - Unable to get component for id 'MatchingRules': Unable to get bean for id 'MatchingRules'
 WARN [2017-05-09 18:17:04,851] (ComponentFactory.java:getComponentBean:1149) - Unable to get component for id 'ChannelLayout': Unable to get bean for id 'ChannelLayout'
 WARN [2017-05-09 18:17:04,857] (ComponentFactory.java:getComponentBean:1149) - Unable to get component for id 'SharingRules': Unable to get bean for id 'SharingRules'
 WARN [2017-05-09 18:17:04,868] (ComponentFactory.java:getComponentBean:1149) - Unable to get component for id 'DelegateGroup': Unable to get bean for id 'DelegateGroup'
 WARN [2017-05-09 18:17:04,875] (ComponentFactory.java:getComponentBean:1149) - Unable to get component for id 'CorsWhitelistOrigin': Unable to get bean for id 'CorsWhitelistOrigin'
 WARN [2017-05-09 18:17:04,881] (ComponentFactory.java:getComponentBean:1149) - Unable to get component for id 'ActionLinkGroupTemplate': Unable to get bean for id 'ActionLinkGroupTemplate'
 WARN [2017-05-09 18:17:04,887] (ComponentFactory.java:getComponentBean:1149) - Unable to get component for id 'TransactionSecurityPolicy': Unable to get bean for id 'TransactionSecurityPolicy'
 WARN [2017-05-09 18:17:04,894] (ComponentFactory.java:getComponentBean:1149) - Unable to get component for id 'SynonymDictionary': Unable to get bean for id 'SynonymDictionary'
 WARN [2017-05-09 18:17:04,901] (ComponentFactory.java:getComponentBean:1149) - Unable to get component for id 'PathAssistant': Unable to get bean for id 'PathAssistant'
 WARN [2017-05-09 18:17:04,908] (ComponentFactory.java:getComponentBean:1149) - Unable to get component for id 'LeadConvertSettings': Unable to get bean for id 'LeadConvertSettings'
 WARN [2017-05-09 18:17:04,912] (ComponentFactory.java:getComponentBean:1149) - Unable to get component for id 'PlatformCachePartition': Unable to get bean for id 'PlatformCachePartition'
 WARN [2017-05-09 18:17:05,997] (ComponentFactory.java:getComponentBean:1149) - Unable to get component for id 'Certificate': Unable to get bean for id 'Certificate'
 WARN [2017-05-09 18:17:06,007] (ComponentFactory.java:getComponentBean:1149) - Unable to get component for id 'AuraDefinitionBundle': Unable to get bean for id 'AuraDefinitionBundle'
 WARN [2017-05-09 18:17:06,014] (ComponentFactory.java:getComponentBean:1149) - Unable to get component for id 'ExternalDataSource': Unable to get bean for id 'ExternalDataSource'
 WARN [2017-05-09 18:17:06,022] (ComponentFactory.java:getComponentBean:1149) - Unable to get component for id 'NamedCredential': Unable to get bean for id 'NamedCredential'
 WARN [2017-05-09 18:17:06,030] (ComponentFactory.java:getComponentBean:1149) - Unable to get component for id 'GlobalPicklist': Unable to get bean for id 'GlobalPicklist'
 WARN [2017-05-09 18:17:06,042] (ComponentFactory.java:getComponentBean:1149) - Unable to get component for id 'CustomFeedFilter': Unable to get bean for id 'CustomFeedFilter'
 WARN [2017-05-09 18:17:06,055] (ComponentFactory.java:getComponentBean:1149) - Unable to get component for id 'FlowDefinition': Unable to get bean for id 'FlowDefinition'
 WARN [2017-05-09 18:17:06,067] (ComponentFactory.java:getComponentBean:1149) - Unable to get component for id 'MatchingRules': Unable to get bean for id 'MatchingRules'
 WARN [2017-05-09 18:17:06,083] (ComponentFactory.java:getComponentBean:1149) - Unable to get component for id 'ChannelLayout': Unable to get bean for id 'ChannelLayout'
 WARN [2017-05-09 18:17:06,097] (ComponentFactory.java:getComponentBean:1149) - Unable to get component for id 'SharingRules': Unable to get bean for id 'SharingRules'
 WARN [2017-05-09 18:17:06,117] (ComponentFactory.java:getComponentBean:1149) - Unable to get component for id 'DelegateGroup': Unable to get bean for id 'DelegateGroup'
 WARN [2017-05-09 18:17:06,124] (ComponentFactory.java:getComponentBean:1149) - Unable to get component for id 'CorsWhitelistOrigin': Unable to get bean for id 'CorsWhitelistOrigin'
 WARN [2017-05-09 18:17:06,131] (ComponentFactory.java:getComponentBean:1149) - Unable to get component for id 'ActionLinkGroupTemplate': Unable to get bean for id 'ActionLinkGroupTemplate'
 WARN [2017-05-09 18:17:06,142] (ComponentFactory.java:getComponentBean:1149) - Unable to get component for id 'TransactionSecurityPolicy': Unable to get bean for id 'TransactionSecurityPolicy'
 WARN [2017-05-09 18:17:06,151] (ComponentFactory.java:getComponentBean:1149) - Unable to get component for id 'SynonymDictionary': Unable to get bean for id 'SynonymDictionary'
 WARN [2017-05-09 18:17:06,157] (ComponentFactory.java:getComponentBean:1149) - Unable to get component for id 'PathAssistant': Unable to get bean for id 'PathAssistant'
 WARN [2017-05-09 18:17:06,163] (ComponentFactory.java:getComponentBean:1149) - Unable to get component for id 'LeadConvertSettings': Unable to get bean for id 'LeadConvertSettings'
 WARN [2017-05-09 18:17:06,170] (ComponentFactory.java:getComponentBean:1149) - Unable to get component for id 'PlatformCachePartition': Unable to get bean for id 'PlatformCachePartition'
 WARN [2017-05-09 18:17:31,102] (Utils.java:loadDocument:800) - Unable to load document: E:\workspace\.metadata\.plugins\com.salesforce.ide.core\packageCache.xml (The system cannot find the file specified)
 WARN [2017-05-09 18:17:32,166] (ComponentFactory.java:getComponentBean:1149) - Unable to get component for id 'Certificate': Unable to get bean for id 'Certificate'
 WARN [2017-05-09 18:17:32,176] (ComponentFactory.java:getComponentBean:1149) - Unable to get component for id 'AuraDefinitionBundle': Unable to get bean for id 'AuraDefinitionBundle'
 WARN [2017-05-09 18:17:32,176] (ComponentFactory.java:getComponentBean:1149) - Unable to get component for id 'ExternalDataSource': Unable to get bean for id 'ExternalDataSource'
 WARN [2017-05-09 18:17:32,186] (ComponentFactory.java:getComponentBean:1149) - Unable to get component for id 'NamedCredential': Unable to get bean for id 'NamedCredential'
 WARN [2017-05-09 18:17:32,196] (ComponentFactory.java:getComponentBean:1149) - Unable to get component for id 'GlobalPicklist': Unable to get bean for id 'GlobalPicklist'
 WARN [2017-05-09 18:17:32,206] (ComponentFactory.java:getComponentBean:1149) - Unable to get component for id 'CustomFeedFilter': Unable to get bean for id 'CustomFeedFilter'
 WARN [2017-05-09 18:17:32,226] (ComponentFactory.java:getComponentBean:1149) - Unable to get component for id 'FlowDefinition': Unable to get bean for id 'FlowDefinition'
 WARN [2017-05-09 18:17:32,236] (ComponentFactory.java:getComponentBean:1149) - Unable to get component for id 'MatchingRules': Unable to get bean for id 'MatchingRules'
 WARN [2017-05-09 18:17:32,246] (ComponentFactory.java:getComponentBean:1149) - Unable to get component for id 'ChannelLayout': Unable to get bean for id 'ChannelLayout'
 WARN [2017-05-09 18:17:32,253] (ComponentFactory.java:getComponentBean:1149) - Unable to get component for id 'SharingRules': Unable to get bean for id 'SharingRules'
 WARN [2017-05-09 18:17:32,261] (ComponentFactory.java:getComponentBean:1149) - Unable to get component for id 'DelegateGroup': Unable to get bean for id 'DelegateGroup'
 WARN [2017-05-09 18:17:32,269] (ComponentFactory.java:getComponentBean:1149) - Unable to get component for id 'CorsWhitelistOrigin': Unable to get bean for id 'CorsWhitelistOrigin'
 WARN [2017-05-09 18:17:32,275] (ComponentFactory.java:getComponentBean:1149) - Unable to get component for id 'ActionLinkGroupTemplate': Unable to get bean for id 'ActionLinkGroupTemplate'
 WARN [2017-05-09 18:17:32,282] (ComponentFactory.java:getComponentBean:1149) - Unable to get component for id 'TransactionSecurityPolicy': Unable to get bean for id 'TransactionSecurityPolicy'
 WARN [2017-05-09 18:17:32,289] (ComponentFactory.java:getComponentBean:1149) - Unable to get component for id 'SynonymDictionary': Unable to get bean for id 'SynonymDictionary'
 WARN [2017-05-09 18:17:32,296] (ComponentFactory.java:getComponentBean:1149) - Unable to get component for id 'PathAssistant': Unable to get bean for id 'PathAssistant'
 WARN [2017-05-09 18:17:32,303] (ComponentFactory.java:getComponentBean:1149) - Unable to get component for id 'LeadConvertSettings': Unable to get bean for id 'LeadConvertSettings'
 WARN [2017-05-09 18:17:32,311] (ComponentFactory.java:getComponentBean:1149) - Unable to get component for id 'PlatformCachePartition': Unable to get bean for id 'PlatformCachePartition'
 WARN [2017-05-09 18:17:33,539] (ComponentFactory.java:getComponentBean:1149) - Unable to get component for id 'Certificate': Unable to get bean for id 'Certificate'
 WARN [2017-05-09 18:17:33,547] (ComponentFactory.java:getComponentBean:1149) - Unable to get component for id 'AuraDefinitionBundle': Unable to get bean for id 'AuraDefinitionBundle'
 WARN [2017-05-09 18:17:33,557] (ComponentFactory.java:getComponentBean:1149) - Unable to get component for id 'ExternalDataSource': Unable to get bean for id 'ExternalDataSource'
 WARN [2017-05-09 18:17:33,565] (ComponentFactory.java:getComponentBean:1149) - Unable to get component for id 'NamedCredential': Unable to get bean for id 'NamedCredential'
 WARN [2017-05-09 18:17:33,572] (ComponentFactory.java:getComponentBean:1149) - Unable to get component for id 'GlobalPicklist': Unable to get bean for id 'GlobalPicklist'
 WARN [2017-05-09 18:17:33,581] (ComponentFactory.java:getComponentBean:1149) - Unable to get component for id 'CustomFeedFilter': Unable to get bean for id 'CustomFeedFilter'
 WARN [2017-05-09 18:17:33,593] (ComponentFactory.java:getComponentBean:1149) - Unable to get component for id 'FlowDefinition': Unable to get bean for id 'FlowDefinition'
 WARN [2017-05-09 18:17:33,603] (ComponentFactory.java:getComponentBean:1149) - Unable to get component for id 'MatchingRules': Unable to get bean for id 'MatchingRules'
 WARN [2017-05-09 18:17:33,610] (ComponentFactory.java:getComponentBean:1149) - Unable to get component for id 'ChannelLayout': Unable to get bean for id 'ChannelLayout'
 WARN [2017-05-09 18:17:33,617] (ComponentFactory.java:getComponentBean:1149) - Unable to get component for id 'SharingRules': Unable to get bean for id 'SharingRules'
 WARN [2017-05-09 18:17:33,625] (ComponentFactory.java:getComponentBean:1149) - Unable to get component for id 'DelegateGroup': Unable to get bean for id 'DelegateGroup'
 WARN [2017-05-09 18:17:33,632] (ComponentFactory.java:getComponentBean:1149) - Unable to get component for id 'CorsWhitelistOrigin': Unable to get bean for id 'CorsWhitelistOrigin'
 WARN [2017-05-09 18:17:33,639] (ComponentFactory.java:getComponentBean:1149) - Unable to get component for id 'ActionLinkGroupTemplate': Unable to get bean for id 'ActionLinkGroupTemplate'
 WARN [2017-05-09 18:17:33,646] (ComponentFactory.java:getComponentBean:1149) - Unable to get component for id 'TransactionSecurityPolicy': Unable to get bean for id 'TransactionSecurityPolicy'
 WARN [2017-05-09 18:17:33,653] (ComponentFactory.java:getComponentBean:1149) - Unable to get component for id 'SynonymDictionary': Unable to get bean for id 'SynonymDictionary'
 WARN [2017-05-09 18:17:33,660] (ComponentFactory.java:getComponentBean:1149) - Unable to get component for id 'PathAssistant': Unable to get bean for id 'PathAssistant'
 WARN [2017-05-09 18:17:33,667] (ComponentFactory.java:getComponentBean:1149) - Unable to get component for id 'LeadConvertSettings': Unable to get bean for id 'LeadConvertSettings'
 WARN [2017-05-09 18:17:33,674] (ComponentFactory.java:getComponentBean:1149) - Unable to get component for id 'PlatformCachePartition': Unable to get bean for id 'PlatformCachePartition'
 WARN [2017-05-09 18:17:34,633] (ComponentFactory.java:getComponentBean:1149) - Unable to get component for id 'Certificate': Unable to get bean for id 'Certificate'
 WARN [2017-05-09 18:17:34,643] (ComponentFactory.java:getComponentBean:1149) - Unable to get component for id 'AuraDefinitionBundle': Unable to get bean for id 'AuraDefinitionBundle'
 WARN [2017-05-09 18:17:34,643] (ComponentFactory.java:getComponentBean:1149) - Unable to get component for id 'ExternalDataSource': Unable to get bean for id 'ExternalDataSource'
 WARN [2017-05-09 18:17:34,653] (ComponentFactory.java:getComponentBean:1149) - Unable to get component for id 'NamedCredential': Unable to get bean for id 'NamedCredential'
 WARN [2017-05-09 18:17:34,663] (ComponentFactory.java:getComponentBean:1149) - Unable to get component for id 'GlobalPicklist': Unable to get bean for id 'GlobalPicklist'
 WARN [2017-05-09 18:17:34,674] (ComponentFactory.java:getComponentBean:1149) - Unable to get component for id 'CustomFeedFilter': Unable to get bean for id 'CustomFeedFilter'
 WARN [2017-05-09 18:17:34,687] (ComponentFactory.java:getComponentBean:1149) - Unable to get component for id 'FlowDefinition': Unable to get bean for id 'FlowDefinition'
 WARN [2017-05-09 18:17:34,720] (ComponentFactory.java:getComponentBean:1149) - Unable to get component for id 'MatchingRules': Unable to get bean for id 'MatchingRules'
 WARN [2017-05-09 18:17:34,729] (ComponentFactory.java:getComponentBean:1149) - Unable to get component for id 'ChannelLayout': Unable to get bean for id 'ChannelLayout'
 WARN [2017-05-09 18:17:34,736] (ComponentFactory.java:getComponentBean:1149) - Unable to get component for id 'SharingRules': Unable to get bean for id 'SharingRules'
 WARN [2017-05-09 18:17:34,748] (ComponentFactory.java:getComponentBean:1149) - Unable to get component for id 'DelegateGroup': Unable to get bean for id 'DelegateGroup'
 WARN [2017-05-09 18:17:34,755] (ComponentFactory.java:getComponentBean:1149) - Unable to get component for id 'CorsWhitelistOrigin': Unable to get bean for id 'CorsWhitelistOrigin'
 WARN [2017-05-09 18:17:34,764] (ComponentFactory.java:getComponentBean:1149) - Unable to get component for id 'ActionLinkGroupTemplate': Unable to get bean for id 'ActionLinkGroupTemplate'
 WARN [2017-05-09 18:17:34,774] (ComponentFactory.java:getComponentBean:1149) - Unable to get component for id 'TransactionSecurityPolicy': Unable to get bean for id 'TransactionSecurityPolicy'
 WARN [2017-05-09 18:17:34,781] (ComponentFactory.java:getComponentBean:1149) - Unable to get component for id 'SynonymDictionary': Unable to get bean for id 'SynonymDictionary'
 WARN [2017-05-09 18:17:34,788] (ComponentFactory.java:getComponentBean:1149) - Unable to get component for id 'PathAssistant': Unable to get bean for id 'PathAssistant'
 WARN [2017-05-09 18:17:34,794] (ComponentFactory.java:getComponentBean:1149) - Unable to get component for id 'LeadConvertSettings': Unable to get bean for id 'LeadConvertSettings'
 WARN [2017-05-09 18:17:34,800] (ComponentFactory.java:getComponentBean:1149) - Unable to get component for id 'PlatformCachePartition': Unable to get bean for id 'PlatformCachePartition'
 WARN [2017-05-09 18:17:35,797] (ComponentFactory.java:getComponentBean:1149) - Unable to get component for id 'Certificate': Unable to get bean for id 'Certificate'
 WARN [2017-05-09 18:17:35,807] (ComponentFactory.java:getComponentBean:1149) - Unable to get component for id 'AuraDefinitionBundle': Unable to get bean for id 'AuraDefinitionBundle'
 WARN [2017-05-09 18:17:35,817] (ComponentFactory.java:getComponentBean:1149) - Unable to get component for id 'ExternalDataSource': Unable to get bean for id 'ExternalDataSource'
 WARN [2017-05-09 18:17:35,817] (ComponentFactory.java:getComponentBean:1149) - Unable to get component for id 'NamedCredential': Unable to get bean for id 'NamedCredential'
 WARN [2017-05-09 18:17:35,827] (ComponentFactory.java:getComponentBean:1149) - Unable to get component for id 'GlobalPicklist': Unable to get bean for id 'GlobalPicklist'
 WARN [2017-05-09 18:17:35,837] (ComponentFactory.java:getComponentBean:1149) - Unable to get component for id 'CustomFeedFilter': Unable to get bean for id 'CustomFeedFilter'
 WARN [2017-05-09 18:17:35,848] (ComponentFactory.java:getComponentBean:1149) - Unable to get component for id 'FlowDefinition': Unable to get bean for id 'FlowDefinition'
 WARN [2017-05-09 18:17:35,856] (ComponentFactory.java:getComponentBean:1149) - Unable to get component for id 'MatchingRules': Unable to get bean for id 'MatchingRules'
 WARN [2017-05-09 18:17:35,863] (ComponentFactory.java:getComponentBean:1149) - Unable to get component for id 'ChannelLayout': Unable to get bean for id 'ChannelLayout'
 WARN [2017-05-09 18:17:35,869] (ComponentFactory.java:getComponentBean:1149) - Unable to get component for id 'SharingRules': Unable to get bean for id 'SharingRules'
 WARN [2017-05-09 18:17:35,875] (ComponentFactory.java:getComponentBean:1149) - Unable to get component for id 'DelegateGroup': Unable to get bean for id 'DelegateGroup'
 WARN [2017-05-09 18:17:35,882] (ComponentFactory.java:getComponentBean:1149) - Unable to get component for id 'CorsWhitelistOrigin': Unable to get bean for id 'CorsWhitelistOrigin'
 WARN [2017-05-09 18:17:35,888] (ComponentFactory.java:getComponentBean:1149) - Unable to get component for id 'ActionLinkGroupTemplate': Unable to get bean for id 'ActionLinkGroupTemplate'
 WARN [2017-05-09 18:17:35,894] (ComponentFactory.java:getComponentBean:1149) - Unable to get component for id 'TransactionSecurityPolicy': Unable to get bean for id 'TransactionSecurityPolicy'
 WARN [2017-05-09 18:17:35,900] (ComponentFactory.java:getComponentBean:1149) - Unable to get component for id 'SynonymDictionary': Unable to get bean for id 'SynonymDictionary'
 WARN [2017-05-09 18:17:35,910] (ComponentFactory.java:getComponentBean:1149) - Unable to get component for id 'PathAssistant': Unable to get bean for id 'PathAssistant'
 WARN [2017-05-09 18:17:35,916] (ComponentFactory.java:getComponentBean:1149) - Unable to get component for id 'LeadConvertSettings': Unable to get bean for id 'LeadConvertSettings'
 WARN [2017-05-09 18:17:35,922] (ComponentFactory.java:getComponentBean:1149) - Unable to get component for id 'PlatformCachePartition': Unable to get bean for id 'PlatformCachePartition'
 WARN [2017-05-09 18:17:36,947] (ComponentFactory.java:getComponentBean:1149) - Unable to get component for id 'Certificate': Unable to get bean for id 'Certificate'
 WARN [2017-05-09 18:17:36,947] (ComponentFactory.java:getComponentBean:1149) - Unable to get component for id 'AuraDefinitionBundle': Unable to get bean for id 'AuraDefinitionBundle'
 WARN [2017-05-09 18:17:36,957] (ComponentFactory.java:getComponentBean:1149) - Unable to get component for id 'ExternalDataSource': Unable to get bean for id 'ExternalDataSource'
 WARN [2017-05-09 18:17:36,967] (ComponentFactory.java:getComponentBean:1149) - Unable to get component for id 'NamedCredential': Unable to get bean for id 'NamedCredential'
 WARN [2017-05-09 18:17:36,967] (ComponentFactory.java:getComponentBean:1149) - Unable to get component for id 'GlobalPicklist': Unable to get bean for id 'GlobalPicklist'
 WARN [2017-05-09 18:17:36,977] (ComponentFactory.java:getComponentBean:1149) - Unable to get component for id 'CustomFeedFilter': Unable to get bean for id 'CustomFeedFilter'
 WARN [2017-05-09 18:17:36,993] (ComponentFactory.java:getComponentBean:1149) - Unable to get component for id 'FlowDefinition': Unable to get bean for id 'FlowDefinition'
 WARN [2017-05-09 18:17:37,004] (ComponentFactory.java:getComponentBean:1149) - Unable to get component for id 'MatchingRules': Unable to get bean for id 'MatchingRules'
 WARN [2017-05-09 18:17:37,011] (ComponentFactory.java:getComponentBean:1149) - Unable to get component for id 'ChannelLayout': Unable to get bean for id 'ChannelLayout'
 WARN [2017-05-09 18:17:37,017] (ComponentFactory.java:getComponentBean:1149) - Unable to get component for id 'SharingRules': Unable to get bean for id 'SharingRules'
 WARN [2017-05-09 18:17:37,025] (ComponentFactory.java:getComponentBean:1149) - Unable to get component for id 'DelegateGroup': Unable to get bean for id 'DelegateGroup'
 WARN [2017-05-09 18:17:37,032] (ComponentFactory.java:getComponentBean:1149) - Unable to get component for id 'CorsWhitelistOrigin': Unable to get bean for id 'CorsWhitelistOrigin'
 WARN [2017-05-09 18:17:37,038] (ComponentFactory.java:getComponentBean:1149) - Unable to get component for id 'ActionLinkGroupTemplate': Unable to get bean for id 'ActionLinkGroupTemplate'
 WARN [2017-05-09 18:17:37,045] (ComponentFactory.java:getComponentBean:1149) - Unable to get component for id 'TransactionSecurityPolicy': Unable to get bean for id 'TransactionSecurityPolicy'
 WARN [2017-05-09 18:17:37,052] (ComponentFactory.java:getComponentBean:1149) - Unable to get component for id 'SynonymDictionary': Unable to get bean for id 'SynonymDictionary'
 WARN [2017-05-09 18:17:37,059] (ComponentFactory.java:getComponentBean:1149) - Unable to get component for id 'PathAssistant': Unable to get bean for id 'PathAssistant'
 WARN [2017-05-09 18:17:37,066] (ComponentFactory.java:getComponentBean:1149) - Unable to get component for id 'LeadConvertSettings': Unable to get bean for id 'LeadConvertSettings'
 WARN [2017-05-09 18:17:37,073] (ComponentFactory.java:getComponentBean:1149) - Unable to get component for id 'PlatformCachePartition': Unable to get bean for id 'PlatformCachePartition'
 WARN [2017-05-09 18:17:54,312] (ComponentFactory.java:getComponentBean:1149) - Unable to get component for id 'ActionLinkGroupTemplate': Unable to get bean for id 'ActionLinkGroupTemplate'
 WARN [2017-05-09 18:17:54,342] (ComponentFactory.java:getComponentBean:1149) - Unable to get component for id 'AuraDefinitionBundle': Unable to get bean for id 'AuraDefinitionBundle'
 WARN [2017-05-09 18:17:54,352] (ComponentFactory.java:getComponentBean:1149) - Unable to get component for id 'BusinessProcess': Unable to get bean for id 'BusinessProcess'
 WARN [2017-05-09 18:17:54,352] (ComponentFactory.java:getComponentBean:1149) - Unable to get component for id 'Certificate': Unable to get bean for id 'Certificate'
 WARN [2017-05-09 18:17:54,368] (ComponentFactory.java:getComponentBean:1149) - Unable to get component for id 'ChannelLayout': Unable to get bean for id 'ChannelLayout'
 WARN [2017-05-09 18:17:54,377] (ComponentFactory.java:getComponentBean:1149) - Unable to get component for id 'CompactLayout': Unable to get bean for id 'CompactLayout'
 WARN [2017-05-09 18:17:54,385] (ComponentFactory.java:getComponentBean:1149) - Unable to get component for id 'CorsWhitelistOrigin': Unable to get bean for id 'CorsWhitelistOrigin'
 WARN [2017-05-09 18:17:54,393] (ComponentFactory.java:getComponentBean:1149) - Unable to get component for id 'CustomFeedFilter': Unable to get bean for id 'CustomFeedFilter'
 WARN [2017-05-09 18:17:54,401] (ComponentFactory.java:getComponentBean:1149) - Unable to get component for id 'CustomField': Unable to get bean for id 'CustomField'
 WARN [2017-05-09 18:17:54,409] (ComponentFactory.java:getComponentBean:1149) - Unable to get component for id 'CustomLabel': Unable to get bean for id 'CustomLabel'
 WARN [2017-05-09 18:17:54,896] (ComponentFactory.java:getComponentBean:1149) - Unable to get component for id 'Certificate': Unable to get bean for id 'Certificate'
 WARN [2017-05-09 18:17:54,896] (ComponentFactory.java:getComponentBean:1149) - Unable to get component for id 'AuraDefinitionBundle': Unable to get bean for id 'AuraDefinitionBundle'
 WARN [2017-05-09 18:17:54,906] (ComponentFactory.java:getComponentBean:1149) - Unable to get component for id 'ExternalDataSource': Unable to get bean for id 'ExternalDataSource'
 WARN [2017-05-09 18:17:54,906] (ComponentFactory.java:getComponentBean:1149) - Unable to get component for id 'NamedCredential': Unable to get bean for id 'NamedCredential'
 WARN [2017-05-09 18:17:54,916] (ComponentFactory.java:getComponentBean:1149) - Unable to get component for id 'GlobalPicklist': Unable to get bean for id 'GlobalPicklist'
 WARN [2017-05-09 18:17:54,916] (ComponentFactory.java:getComponentBean:1149) - Unable to get component for id 'CustomFeedFilter': Unable to get bean for id 'CustomFeedFilter'
 WARN [2017-05-09 18:17:54,926] (ComponentFactory.java:getComponentBean:1149) - Unable to get component for id 'FlowDefinition': Unable to get bean for id 'FlowDefinition'
 WARN [2017-05-09 18:17:54,936] (ComponentFactory.java:getComponentBean:1149) - Unable to get component for id 'MatchingRules': Unable to get bean for id 'MatchingRules'
 WARN [2017-05-09 18:17:54,946] (ComponentFactory.java:getComponentBean:1149) - Unable to get component for id 'ChannelLayout': Unable to get bean for id 'ChannelLayout'
 WARN [2017-05-09 18:17:54,946] (ComponentFactory.java:getComponentBean:1149) - Unable to get component for id 'SharingRules': Unable to get bean for id 'SharingRules'
 WARN [2017-05-09 18:17:54,956] (ComponentFactory.java:getComponentBean:1149) - Unable to get component for id 'DelegateGroup': Unable to get bean for id 'DelegateGroup'
 WARN [2017-05-09 18:17:54,956] (ComponentFactory.java:getComponentBean:1149) - Unable to get component for id 'CorsWhitelistOrigin': Unable to get bean for id 'CorsWhitelistOrigin'
 WARN [2017-05-09 18:17:54,966] (ComponentFactory.java:getComponentBean:1149) - Unable to get component for id 'ActionLinkGroupTemplate': Unable to get bean for id 'ActionLinkGroupTemplate'
 WARN [2017-05-09 18:17:54,966] (ComponentFactory.java:getComponentBean:1149) - Unable to get component for id 'TransactionSecurityPolicy': Unable to get bean for id 'TransactionSecurityPolicy'
 WARN [2017-05-09 18:17:54,976] (ComponentFactory.java:getComponentBean:1149) - Unable to get component for id 'SynonymDictionary': Unable to get bean for id 'SynonymDictionary'
 WARN [2017-05-09 18:17:54,986] (ComponentFactory.java:getComponentBean:1149) - Unable to get component for id 'PathAssistant': Unable to get bean for id 'PathAssistant'
 WARN [2017-05-09 18:17:54,986] (ComponentFactory.java:getComponentBean:1149) - Unable to get component for id 'LeadConvertSettings': Unable to get bean for id 'LeadConvertSettings'
 WARN [2017-05-09 18:17:54,996] (ComponentFactory.java:getComponentBean:1149) - Unable to get component for id 'PlatformCachePartition': Unable to get bean for id 'PlatformCachePartition'
 WARN [2017-05-09 18:17:55,496] (ComponentFactory.java:getComponentBean:1149) - Unable to get component for id 'DelegateGroup': Unable to get bean for id 'DelegateGroup'
 WARN [2017-05-09 18:17:56,008] (ComponentFactory.java:getComponentBean:1149) - Unable to get component for id 'Certificate': Unable to get bean for id 'Certificate'
 WARN [2017-05-09 18:17:56,018] (ComponentFactory.java:getComponentBean:1149) - Unable to get component for id 'AuraDefinitionBundle': Unable to get bean for id 'AuraDefinitionBundle'
 WARN [2017-05-09 18:17:56,028] (ComponentFactory.java:getComponentBean:1149) - Unable to get component for id 'ExternalDataSource': Unable to get bean for id 'ExternalDataSource'
 WARN [2017-05-09 18:17:56,028] (ComponentFactory.java:getComponentBean:1149) - Unable to get component for id 'NamedCredential': Unable to get bean for id 'NamedCredential'
 WARN [2017-05-09 18:17:56,038] (ComponentFactory.java:getComponentBean:1149) - Unable to get component for id 'GlobalPicklist': Unable to get bean for id 'GlobalPicklist'
 WARN [2017-05-09 18:17:56,048] (ComponentFactory.java:getComponentBean:1149) - Unable to get component for id 'CustomFeedFilter': Unable to get bean for id 'CustomFeedFilter'
 WARN [2017-05-09 18:17:56,058] (ComponentFactory.java:getComponentBean:1149) - Unable to get component for id 'FlowDefinition': Unable to get bean for id 'FlowDefinition'
 WARN [2017-05-09 18:17:56,068] (ComponentFactory.java:getComponentBean:1149) - Unable to get component for id 'MatchingRules': Unable to get bean for id 'MatchingRules'
 WARN [2017-05-09 18:17:56,068] (ComponentFactory.java:getComponentBean:1149) - Unable to get component for id 'ChannelLayout': Unable to get bean for id 'ChannelLayout'
 WARN [2017-05-09 18:17:56,078] (ComponentFactory.java:getComponentBean:1149) - Unable to get component for id 'SharingRules': Unable to get bean for id 'SharingRules'
 WARN [2017-05-09 18:17:56,078] (ComponentFactory.java:getComponentBean:1149) - Unable to get component for id 'DelegateGroup': Unable to get bean for id 'DelegateGroup'
 WARN [2017-05-09 18:17:56,088] (ComponentFactory.java:getComponentBean:1149) - Unable to get component for id 'CorsWhitelistOrigin': Unable to get bean for id 'CorsWhitelistOrigin'
 WARN [2017-05-09 18:17:56,088] (ComponentFactory.java:getComponentBean:1149) - Unable to get component for id 'ActionLinkGroupTemplate': Unable to get bean for id 'ActionLinkGroupTemplate'
 WARN [2017-05-09 18:17:56,098] (ComponentFactory.java:getComponentBean:1149) - Unable to get component for id 'TransactionSecurityPolicy': Unable to get bean for id 'TransactionSecurityPolicy'
 WARN [2017-05-09 18:17:56,108] (ComponentFactory.java:getComponentBean:1149) - Unable to get component for id 'SynonymDictionary': Unable to get bean for id 'SynonymDictionary'
 WARN [2017-05-09 18:17:56,108] (ComponentFactory.java:getComponentBean:1149) - Unable to get component for id 'PathAssistant': Unable to get bean for id 'PathAssistant'
 WARN [2017-05-09 18:17:56,118] (ComponentFactory.java:getComponentBean:1149) - Unable to get component for id 'LeadConvertSettings': Unable to get bean for id 'LeadConvertSettings'
 WARN [2017-05-09 18:17:56,118] (ComponentFactory.java:getComponentBean:1149) - Unable to get component for id 'PlatformCachePartition': Unable to get bean for id 'PlatformCachePartition'
 WARN [2017-05-09 18:17:57,091] (ComponentFactory.java:getComponentBean:1149) - Unable to get component for id 'Certificate': Unable to get bean for id 'Certificate'
 WARN [2017-05-09 18:17:57,101] (ComponentFactory.java:getComponentBean:1149) - Unable to get component for id 'AuraDefinitionBundle': Unable to get bean for id 'AuraDefinitionBundle'
 WARN [2017-05-09 18:17:57,111] (ComponentFactory.java:getComponentBean:1149) - Unable to get component for id 'ExternalDataSource': Unable to get bean for id 'ExternalDataSource'
 WARN [2017-05-09 18:17:57,111] (ComponentFactory.java:getComponentBean:1149) - Unable to get component for id 'NamedCredential': Unable to get bean for id 'NamedCredential'
 WARN [2017-05-09 18:17:57,121] (ComponentFactory.java:getComponentBean:1149) - Unable to get component for id 'GlobalPicklist': Unable to get bean for id 'GlobalPicklist'
 WARN [2017-05-09 18:17:57,131] (ComponentFactory.java:getComponentBean:1149) - Unable to get component for id 'CustomFeedFilter': Unable to get bean for id 'CustomFeedFilter'
 WARN [2017-05-09 18:17:57,131] (ComponentFactory.java:getComponentBean:1149) - Unable to get component for id 'FlowDefinition': Unable to get bean for id 'FlowDefinition'
 WARN [2017-05-09 18:17:57,141] (ComponentFactory.java:getComponentBean:1149) - Unable to get component for id 'MatchingRules': Unable to get bean for id 'MatchingRules'
 WARN [2017-05-09 18:17:57,151] (ComponentFactory.java:getComponentBean:1149) - Unable to get component for id 'ChannelLayout': Unable to get bean for id 'ChannelLayout'
 WARN [2017-05-09 18:17:57,151] (ComponentFactory.java:getComponentBean:1149) - Unable to get component for id 'SharingRules': Unable to get bean for id 'SharingRules'
 WARN [2017-05-09 18:17:57,161] (ComponentFactory.java:getComponentBean:1149) - Unable to get component for id 'DelegateGroup': Unable to get bean for id 'DelegateGroup'
 WARN [2017-05-09 18:17:57,161] (ComponentFactory.java:getComponentBean:1149) - Unable to get component for id 'CorsWhitelistOrigin': Unable to get bean for id 'CorsWhitelistOrigin'
 WARN [2017-05-09 18:17:57,171] (ComponentFactory.java:getComponentBean:1149) - Unable to get component for id 'ActionLinkGroupTemplate': Unable to get bean for id 'ActionLinkGroupTemplate'
 WARN [2017-05-09 18:17:57,171] (ComponentFactory.java:getComponentBean:1149) - Unable to get component for id 'TransactionSecurityPolicy': Unable to get bean for id 'TransactionSecurityPolicy'
 WARN [2017-05-09 18:17:57,181] (ComponentFactory.java:getComponentBean:1149) - Unable to get component for id 'SynonymDictionary': Unable to get bean for id 'SynonymDictionary'
 WARN [2017-05-09 18:17:57,191] (ComponentFactory.java:getComponentBean:1149) - Unable to get component for id 'PathAssistant': Unable to get bean for id 'PathAssistant'
 WARN [2017-05-09 18:17:57,191] (ComponentFactory.java:getComponentBean:1149) - Unable to get component for id 'LeadConvertSettings': Unable to get bean for id 'LeadConvertSettings'
 WARN [2017-05-09 18:17:57,201] (ComponentFactory.java:getComponentBean:1149) - Unable to get component for id 'PlatformCachePartition': Unable to get bean for id 'PlatformCachePartition'
 WARN [2017-05-09 18:17:57,701] (ComponentFactory.java:getComponentBean:1149) - Unable to get component for id 'ExternalDataSource': Unable to get bean for id 'ExternalDataSource'
 WARN [2017-05-09 18:17:57,711] (ComponentFactory.java:getComponentBean:1149) - Unable to get component for id 'FieldSet': Unable to get bean for id 'FieldSet'
 WARN [2017-05-09 18:17:57,711] (ComponentFactory.java:getComponentBean:1149) - Unable to get component for id 'FlowDefinition': Unable to get bean for id 'FlowDefinition'
 WARN [2017-05-09 18:17:57,721] (ComponentFactory.java:getComponentBean:1149) - Unable to get component for id 'GlobalPicklist': Unable to get bean for id 'GlobalPicklist'
 WARN [2017-05-09 18:17:57,731] (ComponentFactory.java:getComponentBean:1149) - Unable to get component for id 'LeadConvertSettings': Unable to get bean for id 'LeadConvertSettings'
 WARN [2017-05-09 18:17:57,741] (ComponentFactory.java:getComponentBean:1149) - Unable to get component for id 'ListView': Unable to get bean for id 'ListView'
 WARN [2017-05-09 18:17:57,741] (ComponentFactory.java:getComponentBean:1149) - Unable to get component for id 'MatchingRule': Unable to get bean for id 'MatchingRule'
 WARN [2017-05-09 18:17:57,751] (ComponentFactory.java:getComponentBean:1149) - Unable to get component for id 'MatchingRules': Unable to get bean for id 'MatchingRules'
 WARN [2017-05-09 18:17:57,761] (ComponentFactory.java:getComponentBean:1149) - Unable to get component for id 'NamedCredential': Unable to get bean for id 'NamedCredential'
 WARN [2017-05-09 18:17:57,761] (ComponentFactory.java:getComponentBean:1149) - Unable to get component for id 'PathAssistant': Unable to get bean for id 'PathAssistant'
 WARN [2017-05-09 18:17:57,771] (ComponentFactory.java:getComponentBean:1149) - Unable to get component for id 'PlatformCachePartition': Unable to get bean for id 'PlatformCachePartition'
 WARN [2017-05-09 18:17:57,781] (ComponentFactory.java:getComponentBean:1149) - Unable to get component for id 'RecordType': Unable to get bean for id 'RecordType'
 WARN [2017-05-09 18:17:58,272] (ComponentFactory.java:getComponentBean:1149) - Unable to get component for id 'Certificate': Unable to get bean for id 'Certificate'
 WARN [2017-05-09 18:17:58,272] (ComponentFactory.java:getComponentBean:1149) - Unable to get component for id 'AuraDefinitionBundle': Unable to get bean for id 'AuraDefinitionBundle'
 WARN [2017-05-09 18:17:58,282] (ComponentFactory.java:getComponentBean:1149) - Unable to get component for id 'ExternalDataSource': Unable to get bean for id 'ExternalDataSource'
 WARN [2017-05-09 18:17:58,282] (ComponentFactory.java:getComponentBean:1149) - Unable to get component for id 'NamedCredential': Unable to get bean for id 'NamedCredential'
 WARN [2017-05-09 18:17:58,292] (ComponentFactory.java:getComponentBean:1149) - Unable to get component for id 'GlobalPicklist': Unable to get bean for id 'GlobalPicklist'
 WARN [2017-05-09 18:17:58,302] (ComponentFactory.java:getComponentBean:1149) - Unable to get component for id 'CustomFeedFilter': Unable to get bean for id 'CustomFeedFilter'
 WARN [2017-05-09 18:17:58,302] (ComponentFactory.java:getComponentBean:1149) - Unable to get component for id 'FlowDefinition': Unable to get bean for id 'FlowDefinition'
 WARN [2017-05-09 18:17:58,312] (ComponentFactory.java:getComponentBean:1149) - Unable to get component for id 'MatchingRules': Unable to get bean for id 'MatchingRules'
 WARN [2017-05-09 18:17:58,322] (ComponentFactory.java:getComponentBean:1149) - Unable to get component for id 'ChannelLayout': Unable to get bean for id 'ChannelLayout'
 WARN [2017-05-09 18:17:58,322] (ComponentFactory.java:getComponentBean:1149) - Unable to get component for id 'SharingRules': Unable to get bean for id 'SharingRules'
 WARN [2017-05-09 18:17:58,332] (ComponentFactory.java:getComponentBean:1149) - Unable to get component for id 'DelegateGroup': Unable to get bean for id 'DelegateGroup'
 WARN [2017-05-09 18:17:58,332] (ComponentFactory.java:getComponentBean:1149) - Unable to get component for id 'CorsWhitelistOrigin': Unable to get bean for id 'CorsWhitelistOrigin'
 WARN [2017-05-09 18:17:58,342] (ComponentFactory.java:getComponentBean:1149) - Unable to get component for id 'ActionLinkGroupTemplate': Unable to get bean for id 'ActionLinkGroupTemplate'
 WARN [2017-05-09 18:17:58,352] (ComponentFactory.java:getComponentBean:1149) - Unable to get component for id 'TransactionSecurityPolicy': Unable to get bean for id 'TransactionSecurityPolicy'
 WARN [2017-05-09 18:17:58,352] (ComponentFactory.java:getComponentBean:1149) - Unable to get component for id 'SynonymDictionary': Unable to get bean for id 'SynonymDictionary'
 WARN [2017-05-09 18:17:58,362] (ComponentFactory.java:getComponentBean:1149) - Unable to get component for id 'PathAssistant': Unable to get bean for id 'PathAssistant'
 WARN [2017-05-09 18:17:58,372] (ComponentFactory.java:getComponentBean:1149) - Unable to get component for id 'LeadConvertSettings': Unable to get bean for id 'LeadConvertSettings'
 WARN [2017-05-09 18:17:58,372] (ComponentFactory.java:getComponentBean:1149) - Unable to get component for id 'PlatformCachePartition': Unable to get bean for id 'PlatformCachePartition'
 WARN [2017-05-09 18:17:58,868] (ComponentFactory.java:getComponentBean:1149) - Unable to get component for id 'SharingCriteriaRule': Unable to get bean for id 'SharingCriteriaRule'
 WARN [2017-05-09 18:17:58,878] (ComponentFactory.java:getComponentBean:1149) - Unable to get component for id 'SharingOwnerRule': Unable to get bean for id 'SharingOwnerRule'
 WARN [2017-05-09 18:17:58,878] (ComponentFactory.java:getComponentBean:1149) - Unable to get component for id 'SharingReason': Unable to get bean for id 'SharingReason'
 WARN [2017-05-09 18:17:58,888] (ComponentFactory.java:getComponentBean:1149) - Unable to get component for id 'SharingRules': Unable to get bean for id 'SharingRules'
 WARN [2017-05-09 18:17:58,898] (ComponentFactory.java:getComponentBean:1149) - Unable to get component for id 'TransactionSecurityPolicy': Unable to get bean for id 'TransactionSecurityPolicy'
 WARN [2017-05-09 18:17:58,898] (ComponentFactory.java:getComponentBean:1149) - Unable to get component for id 'ValidationRule': Unable to get bean for id 'ValidationRule'
 WARN [2017-05-09 18:17:58,908] (ComponentFactory.java:getComponentBean:1149) - Unable to get component for id 'WebLink': Unable to get bean for id 'WebLink'
 WARN [2017-05-09 18:17:58,918] (ComponentFactory.java:getComponentBean:1149) - Unable to get component for id 'WorkflowAlert': Unable to get bean for id 'WorkflowAlert'
 WARN [2017-05-09 18:17:58,928] (ComponentFactory.java:getComponentBean:1149) - Unable to get component for id 'WorkflowFieldUpdate': Unable to get bean for id 'WorkflowFieldUpdate'
 WARN [2017-05-09 18:17:58,928] (ComponentFactory.java:getComponentBean:1149) - Unable to get component for id 'WorkflowKnowledgePublish': Unable to get bean for id 'WorkflowKnowledgePublish'
 WARN [2017-05-09 18:17:58,938] (ComponentFactory.java:getComponentBean:1149) - Unable to get component for id 'WorkflowOutboundMessage': Unable to get bean for id 'WorkflowOutboundMessage'
 WARN [2017-05-09 18:17:58,948] (ComponentFactory.java:getComponentBean:1149) - Unable to get component for id 'WorkflowRule': Unable to get bean for id 'WorkflowRule'
 WARN [2017-05-09 18:17:58,958] (ComponentFactory.java:getComponentBean:1149) - Unable to get component for id 'WorkflowSend': Unable to get bean for id 'WorkflowSend'
 WARN [2017-05-09 18:17:58,958] (ComponentFactory.java:getComponentBean:1149) - Unable to get component for id 'WorkflowTask': Unable to get bean for id 'WorkflowTask'
 WARN [2017-05-09 18:17:59,112] (ComponentFactory.java:getComponentBean:1149) - Unable to get component for id 'ActionLinkGroupTemplate': Unable to get bean for id 'ActionLinkGroupTemplate'
 WARN [2017-05-09 18:17:59,142] (ComponentFactory.java:getComponentBean:1149) - Unable to get component for id 'AuraDefinitionBundle': Unable to get bean for id 'AuraDefinitionBundle'
 WARN [2017-05-09 18:17:59,154] (ComponentFactory.java:getComponentBean:1149) - Unable to get component for id 'Certificate': Unable to get bean for id 'Certificate'
 WARN [2017-05-09 18:17:59,160] (ComponentFactory.java:getComponentBean:1149) - Unable to get component for id 'ChannelLayout': Unable to get bean for id 'ChannelLayout'
 WARN [2017-05-09 18:17:59,172] (ComponentFactory.java:getComponentBean:1149) - Unable to get component for id 'CorsWhitelistOrigin': Unable to get bean for id 'CorsWhitelistOrigin'
 WARN [2017-05-09 18:17:59,182] (ComponentFactory.java:getComponentBean:1149) - Unable to get component for id 'CustomFeedFilter': Unable to get bean for id 'CustomFeedFilter'
 WARN [2017-05-09 18:17:59,191] (ComponentFactory.java:getComponentBean:1149) - Unable to get component for id 'DelegateGroup': Unable to get bean for id 'DelegateGroup'
 WARN [2017-05-09 18:17:59,202] (ComponentFactory.java:getComponentBean:1149) - Unable to get component for id 'ExternalDataSource': Unable to get bean for id 'ExternalDataSource'
 WARN [2017-05-09 18:17:59,209] (ComponentFactory.java:getComponentBean:1149) - Unable to get component for id 'FlowDefinition': Unable to get bean for id 'FlowDefinition'
 WARN [2017-05-09 18:17:59,218] (ComponentFactory.java:getComponentBean:1149) - Unable to get component for id 'GlobalPicklist': Unable to get bean for id 'GlobalPicklist'
 WARN [2017-05-09 18:17:59,226] (ComponentFactory.java:getComponentBean:1149) - Unable to get component for id 'LeadConvertSettings': Unable to get bean for id 'LeadConvertSettings'
 WARN [2017-05-09 18:17:59,235] (ComponentFactory.java:getComponentBean:1149) - Unable to get component for id 'MatchingRule': Unable to get bean for id 'MatchingRule'
 WARN [2017-05-09 18:17:59,242] (ComponentFactory.java:getComponentBean:1149) - Unable to get component for id 'MatchingRules': Unable to get bean for id 'MatchingRules'
 WARN [2017-05-09 18:17:59,251] (ComponentFactory.java:getComponentBean:1149) - Unable to get component for id 'NamedCredential': Unable to get bean for id 'NamedCredential'
 WARN [2017-05-09 18:17:59,258] (ComponentFactory.java:getComponentBean:1149) - Unable to get component for id 'PathAssistant': Unable to get bean for id 'PathAssistant'
 WARN [2017-05-09 18:17:59,266] (ComponentFactory.java:getComponentBean:1149) - Unable to get component for id 'PlatformCachePartition': Unable to get bean for id 'PlatformCachePartition'
 WARN [2017-05-09 18:17:59,276] (ComponentFactory.java:getComponentBean:1149) - Unable to get component for id 'SharingCriteriaRule': Unable to get bean for id 'SharingCriteriaRule'
 WARN [2017-05-09 18:17:59,283] (ComponentFactory.java:getComponentBean:1149) - Unable to get component for id 'SharingOwnerRule': Unable to get bean for id 'SharingOwnerRule'
 WARN [2017-05-09 18:17:59,289] (ComponentFactory.java:getComponentBean:1149) - Unable to get component for id 'SharingRules': Unable to get bean for id 'SharingRules'
 WARN [2017-05-09 18:17:59,299] (ComponentFactory.java:getComponentBean:1149) - Unable to get component for id 'TransactionSecurityPolicy': Unable to get bean for id 'TransactionSecurityPolicy'
 WARN [2017-05-09 18:22:31,354] (ComponentFactory.java:getCompositeComponentFromComponent:1098) - Unable to load existing 'classes/Test.cls-meta.xml' from project - associated component's file resource is null.  Assuming new.
 WARN [2017-05-09 18:22:31,486] (ComponentController.java:deploy:447) - Remote save aborted - project is not online enabled
 WARN [2017-05-09 18:22:31,780] (DefaultBuilder.java:applyDirtyMarkers:93) - TODO: apply 'Save locally only...' markers on each resource
ERROR [2017-05-09 18:24:43,609] (ProjectPackageList.java:generateComponents:483) - Filepath-zip mapping is null or empty for package 'unpackaged' [null] - skipping component generation
 WARN [2017-05-09 18:26:13,197] (ComponentFactory.java:getCompositeComponentFromComponent:1098) - Unable to load existing 'pages/TestPage.page-meta.xml' from project - associated component's file resource is null.  Assuming new.
 WARN [2017-05-09 18:26:13,938] (ComponentFactory.java:getComponentBean:1149) - Unable to get component for id 'Certificate': Unable to get bean for id 'Certificate'
 WARN [2017-05-09 18:26:13,938] (ComponentFactory.java:getComponentBean:1149) - Unable to get component for id 'AuraDefinitionBundle': Unable to get bean for id 'AuraDefinitionBundle'
 WARN [2017-05-09 18:26:13,948] (ComponentFactory.java:getComponentBean:1149) - Unable to get component for id 'ExternalDataSource': Unable to get bean for id 'ExternalDataSource'
 WARN [2017-05-09 18:26:13,958] (ComponentFactory.java:getComponentBean:1149) - Unable to get component for id 'NamedCredential': Unable to get bean for id 'NamedCredential'
 WARN [2017-05-09 18:26:13,968] (ComponentFactory.java:getComponentBean:1149) - Unable to get component for id 'GlobalPicklist': Unable to get bean for id 'GlobalPicklist'
 WARN [2017-05-09 18:26:13,968] (ComponentFactory.java:getComponentBean:1149) - Unable to get component for id 'CustomFeedFilter': Unable to get bean for id 'CustomFeedFilter'
 WARN [2017-05-09 18:26:13,985] (ComponentFactory.java:getComponentBean:1149) - Unable to get component for id 'FlowDefinition': Unable to get bean for id 'FlowDefinition'
 WARN [2017-05-09 18:26:13,994] (ComponentFactory.java:getComponentBean:1149) - Unable to get component for id 'MatchingRules': Unable to get bean for id 'MatchingRules'
 WARN [2017-05-09 18:26:14,000] (ComponentFactory.java:getComponentBean:1149) - Unable to get component for id 'ChannelLayout': Unable to get bean for id 'ChannelLayout'
 WARN [2017-05-09 18:26:14,000] (ComponentFactory.java:getComponentBean:1149) - Unable to get component for id 'SharingRules': Unable to get bean for id 'SharingRules'
 WARN [2017-05-09 18:26:14,010] (ComponentFactory.java:getComponentBean:1149) - Unable to get component for id 'DelegateGroup': Unable to get bean for id 'DelegateGroup'
 WARN [2017-05-09 18:26:14,020] (ComponentFactory.java:getComponentBean:1149) - Unable to get component for id 'CorsWhitelistOrigin': Unable to get bean for id 'CorsWhitelistOrigin'
 WARN [2017-05-09 18:26:14,020] (ComponentFactory.java:getComponentBean:1149) - Unable to get component for id 'ActionLinkGroupTemplate': Unable to get bean for id 'ActionLinkGroupTemplate'
 WARN [2017-05-09 18:26:14,030] (ComponentFactory.java:getComponentBean:1149) - Unable to get component for id 'TransactionSecurityPolicy': Unable to get bean for id 'TransactionSecurityPolicy'
 WARN [2017-05-09 18:26:14,030] (ComponentFactory.java:getComponentBean:1149) - Unable to get component for id 'SynonymDictionary': Unable to get bean for id 'SynonymDictionary'
 WARN [2017-05-09 18:26:14,040] (ComponentFactory.java:getComponentBean:1149) - Unable to get component for id 'PathAssistant': Unable to get bean for id 'PathAssistant'
 WARN [2017-05-09 18:26:14,050] (ComponentFactory.java:getComponentBean:1149) - Unable to get component for id 'LeadConvertSettings': Unable to get bean for id 'LeadConvertSettings'
 WARN [2017-05-09 18:26:14,060] (ComponentFactory.java:getComponentBean:1149) - Unable to get component for id 'PlatformCachePartition': Unable to get bean for id 'PlatformCachePartition'
 WARN [2017-05-09 18:26:45,511] (ProjectPackageList.java:getComponentByMetadataFilePath:834) - Did not find component for 'classes/Test.cls'
 WARN [2017-05-09 18:26:45,521] (ProjectService.java:handleRetrieveMessages:2176) - Unable to handle retrieve message - could not find component 'classes/Test.cls' for message 'In field: specific ids - no ApexClass named Test found'
 WARN [2017-05-09 18:27:02,404] (ComponentFactory.java:getCompositeComponentFromComponent:1098) - Unable to load existing 'classes/TestClass.cls-meta.xml' from project - associated component's file resource is null.  Assuming new.
 WARN [2017-05-09 18:27:02,936] (ComponentFactory.java:getComponentBean:1149) - Unable to get component for id 'Certificate': Unable to get bean for id 'Certificate'
 WARN [2017-05-09 18:27:02,936] (ComponentFactory.java:getComponentBean:1149) - Unable to get component for id 'AuraDefinitionBundle': Unable to get bean for id 'AuraDefinitionBundle'
 WARN [2017-05-09 18:27:02,946] (ComponentFactory.java:getComponentBean:1149) - Unable to get component for id 'ExternalDataSource': Unable to get bean for id 'ExternalDataSource'
 WARN [2017-05-09 18:27:02,946] (ComponentFactory.java:getComponentBean:1149) - Unable to get component for id 'NamedCredential': Unable to get bean for id 'NamedCredential'
 WARN [2017-05-09 18:27:02,956] (ComponentFactory.java:getComponentBean:1149) - Unable to get component for id 'GlobalPicklist': Unable to get bean for id 'GlobalPicklist'
 WARN [2017-05-09 18:27:02,967] (ComponentFactory.java:getComponentBean:1149) - Unable to get component for id 'CustomFeedFilter': Unable to get bean for id 'CustomFeedFilter'
 WARN [2017-05-09 18:27:02,974] (ComponentFactory.java:getComponentBean:1149) - Unable to get component for id 'FlowDefinition': Unable to get bean for id 'FlowDefinition'
 WARN [2017-05-09 18:27:02,978] (ComponentFactory.java:getComponentBean:1149) - Unable to get component for id 'MatchingRules': Unable to get bean for id 'MatchingRules'
 WARN [2017-05-09 18:27:02,988] (ComponentFactory.java:getComponentBean:1149) - Unable to get component for id 'ChannelLayout': Unable to get bean for id 'ChannelLayout'
 WARN [2017-05-09 18:27:02,988] (ComponentFactory.java:getComponentBean:1149) - Unable to get component for id 'SharingRules': Unable to get bean for id 'SharingRules'
 WARN [2017-05-09 18:27:02,998] (ComponentFactory.java:getComponentBean:1149) - Unable to get component for id 'DelegateGroup': Unable to get bean for id 'DelegateGroup'
 WARN [2017-05-09 18:27:02,998] (ComponentFactory.java:getComponentBean:1149) - Unable to get component for id 'CorsWhitelistOrigin': Unable to get bean for id 'CorsWhitelistOrigin'
 WARN [2017-05-09 18:27:03,008] (ComponentFactory.java:getComponentBean:1149) - Unable to get component for id 'ActionLinkGroupTemplate': Unable to get bean for id 'ActionLinkGroupTemplate'
 WARN [2017-05-09 18:27:03,008] (ComponentFactory.java:getComponentBean:1149) - Unable to get component for id 'TransactionSecurityPolicy': Unable to get bean for id 'TransactionSecurityPolicy'
 WARN [2017-05-09 18:27:03,018] (ComponentFactory.java:getComponentBean:1149) - Unable to get component for id 'SynonymDictionary': Unable to get bean for id 'SynonymDictionary'
 WARN [2017-05-09 18:27:03,018] (ComponentFactory.java:getComponentBean:1149) - Unable to get component for id 'PathAssistant': Unable to get bean for id 'PathAssistant'
 WARN [2017-05-09 18:27:03,028] (ComponentFactory.java:getComponentBean:1149) - Unable to get component for id 'LeadConvertSettings': Unable to get bean for id 'LeadConvertSettings'
 WARN [2017-05-09 18:27:03,038] (ComponentFactory.java:getComponentBean:1149) - Unable to get component for id 'PlatformCachePartition': Unable to get bean for id 'PlatformCachePartition'
 WARN [2017-05-09 18:29:03,967] (ComponentFactory.java:getCompositeComponentFromComponent:1098) - Unable to load existing 'triggers/DemoTrigger.trigger-meta.xml' from project - associated component's file resource is null.  Assuming new.
 WARN [2017-05-09 18:29:04,657] (ComponentFactory.java:getComponentBean:1149) - Unable to get component for id 'Certificate': Unable to get bean for id 'Certificate'
 WARN [2017-05-09 18:29:04,657] (ComponentFactory.java:getComponentBean:1149) - Unable to get component for id 'AuraDefinitionBundle': Unable to get bean for id 'AuraDefinitionBundle'
 WARN [2017-05-09 18:29:04,667] (ComponentFactory.java:getComponentBean:1149) - Unable to get component for id 'ExternalDataSource': Unable to get bean for id 'ExternalDataSource'
 WARN [2017-05-09 18:29:04,667] (ComponentFactory.java:getComponentBean:1149) - Unable to get component for id 'NamedCredential': Unable to get bean for id 'NamedCredential'
 WARN [2017-05-09 18:29:04,677] (ComponentFactory.java:getComponentBean:1149) - Unable to get component for id 'GlobalPicklist': Unable to get bean for id 'GlobalPicklist'
 WARN [2017-05-09 18:29:04,677] (ComponentFactory.java:getComponentBean:1149) - Unable to get component for id 'CustomFeedFilter': Unable to get bean for id 'CustomFeedFilter'
 WARN [2017-05-09 18:29:04,687] (ComponentFactory.java:getComponentBean:1149) - Unable to get component for id 'FlowDefinition': Unable to get bean for id 'FlowDefinition'
 WARN [2017-05-09 18:29:04,697] (ComponentFactory.java:getComponentBean:1149) - Unable to get component for id 'MatchingRules': Unable to get bean for id 'MatchingRules'
 WARN [2017-05-09 18:29:04,707] (ComponentFactory.java:getComponentBean:1149) - Unable to get component for id 'ChannelLayout': Unable to get bean for id 'ChannelLayout'
 WARN [2017-05-09 18:29:04,707] (ComponentFactory.java:getComponentBean:1149) - Unable to get component for id 'SharingRules': Unable to get bean for id 'SharingRules'
 WARN [2017-05-09 18:29:04,717] (ComponentFactory.java:getComponentBean:1149) - Unable to get component for id 'DelegateGroup': Unable to get bean for id 'DelegateGroup'
 WARN [2017-05-09 18:29:04,727] (ComponentFactory.java:getComponentBean:1149) - Unable to get component for id 'CorsWhitelistOrigin': Unable to get bean for id 'CorsWhitelistOrigin'
 WARN [2017-05-09 18:29:04,727] (ComponentFactory.java:getComponentBean:1149) - Unable to get component for id 'ActionLinkGroupTemplate': Unable to get bean for id 'ActionLinkGroupTemplate'
 WARN [2017-05-09 18:29:04,737] (ComponentFactory.java:getComponentBean:1149) - Unable to get component for id 'TransactionSecurityPolicy': Unable to get bean for id 'TransactionSecurityPolicy'
 WARN [2017-05-09 18:29:04,749] (ComponentFactory.java:getComponentBean:1149) - Unable to get component for id 'SynonymDictionary': Unable to get bean for id 'SynonymDictionary'
 WARN [2017-05-09 18:29:04,755] (ComponentFactory.java:getComponentBean:1149) - Unable to get component for id 'PathAssistant': Unable to get bean for id 'PathAssistant'
 WARN [2017-05-09 18:29:04,762] (ComponentFactory.java:getComponentBean:1149) - Unable to get component for id 'LeadConvertSettings': Unable to get bean for id 'LeadConvertSettings'
 WARN [2017-05-09 18:29:04,769] (ComponentFactory.java:getComponentBean:1149) - Unable to get component for id 'PlatformCachePartition': Unable to get bean for id 'PlatformCachePartition'
 WARN [2017-05-09 18:29:28,068] (ProjectPackageList.java:getComponentByMetadataFilePath:834) - Did not find component for 'classes/TestClass.cls'
 WARN [2017-05-09 18:29:28,068] (ProjectService.java:handleRetrieveMessages:2176) - Unable to handle retrieve message - could not find component 'classes/TestClass.cls' for message 'In field: specific ids - no ApexClass named TestClass found'
 WARN [2017-05-09 18:29:37,747] (ProjectPackageList.java:getComponentByMetadataFilePath:834) - Did not find component for 'pages/TestPage.page'
 WARN [2017-05-09 18:29:37,757] (ProjectService.java:handleRetrieveMessages:2176) - Unable to handle retrieve message - could not find component 'pages/TestPage.page' for message 'In field: specific ids - no ApexPage named TestPage found'
 WARN [2017-05-09 18:29:57,232] (ComponentFactory.java:getCompositeComponentFromComponent:1098) - Unable to load existing 'classes/DemoClass.cls-meta.xml' from project - associated component's file resource is null.  Assuming new.
 WARN [2017-05-09 18:29:57,774] (ComponentFactory.java:getComponentBean:1149) - Unable to get component for id 'Certificate': Unable to get bean for id 'Certificate'
 WARN [2017-05-09 18:29:57,784] (ComponentFactory.java:getComponentBean:1149) - Unable to get component for id 'AuraDefinitionBundle': Unable to get bean for id 'AuraDefinitionBundle'
 WARN [2017-05-09 18:29:57,784] (ComponentFactory.java:getComponentBean:1149) - Unable to get component for id 'ExternalDataSource': Unable to get bean for id 'ExternalDataSource'
 WARN [2017-05-09 18:29:57,794] (ComponentFactory.java:getComponentBean:1149) - Unable to get component for id 'NamedCredential': Unable to get bean for id 'NamedCredential'
 WARN [2017-05-09 18:29:57,794] (ComponentFactory.java:getComponentBean:1149) - Unable to get component for id 'GlobalPicklist': Unable to get bean for id 'GlobalPicklist'
 WARN [2017-05-09 18:29:57,804] (ComponentFactory.java:getComponentBean:1149) - Unable to get component for id 'CustomFeedFilter': Unable to get bean for id 'CustomFeedFilter'
 WARN [2017-05-09 18:29:57,814] (ComponentFactory.java:getComponentBean:1149) - Unable to get component for id 'FlowDefinition': Unable to get bean for id 'FlowDefinition'
 WARN [2017-05-09 18:29:57,814] (ComponentFactory.java:getComponentBean:1149) - Unable to get component for id 'MatchingRules': Unable to get bean for id 'MatchingRules'
 WARN [2017-05-09 18:29:57,824] (ComponentFactory.java:getComponentBean:1149) - Unable to get component for id 'ChannelLayout': Unable to get bean for id 'ChannelLayout'
 WARN [2017-05-09 18:29:57,824] (ComponentFactory.java:getComponentBean:1149) - Unable to get component for id 'SharingRules': Unable to get bean for id 'SharingRules'
 WARN [2017-05-09 18:29:57,834] (ComponentFactory.java:getComponentBean:1149) - Unable to get component for id 'DelegateGroup': Unable to get bean for id 'DelegateGroup'
 WARN [2017-05-09 18:29:57,844] (ComponentFactory.java:getComponentBean:1149) - Unable to get component for id 'CorsWhitelistOrigin': Unable to get bean for id 'CorsWhitelistOrigin'
 WARN [2017-05-09 18:29:57,844] (ComponentFactory.java:getComponentBean:1149) - Unable to get component for id 'ActionLinkGroupTemplate': Unable to get bean for id 'ActionLinkGroupTemplate'
 WARN [2017-05-09 18:29:57,854] (ComponentFactory.java:getComponentBean:1149) - Unable to get component for id 'TransactionSecurityPolicy': Unable to get bean for id 'TransactionSecurityPolicy'
 WARN [2017-05-09 18:29:57,854] (ComponentFactory.java:getComponentBean:1149) - Unable to get component for id 'SynonymDictionary': Unable to get bean for id 'SynonymDictionary'
 WARN [2017-05-09 18:29:57,864] (ComponentFactory.java:getComponentBean:1149) - Unable to get component for id 'PathAssistant': Unable to get bean for id 'PathAssistant'
 WARN [2017-05-09 18:29:57,864] (ComponentFactory.java:getComponentBean:1149) - Unable to get component for id 'LeadConvertSettings': Unable to get bean for id 'LeadConvertSettings'
 WARN [2017-05-09 18:29:57,874] (ComponentFactory.java:getComponentBean:1149) - Unable to get component for id 'PlatformCachePartition': Unable to get bean for id 'PlatformCachePartition'
 WARN [2017-05-09 18:30:21,479] (ComponentFactory.java:getCompositeComponentFromComponent:1098) - Unable to load existing 'pages/DemoPage.page-meta.xml' from project - associated component's file resource is null.  Assuming new.
 WARN [2017-05-09 18:30:22,179] (ComponentFactory.java:getComponentBean:1149) - Unable to get component for id 'Certificate': Unable to get bean for id 'Certificate'
 WARN [2017-05-09 18:30:22,179] (ComponentFactory.java:getComponentBean:1149) - Unable to get component for id 'AuraDefinitionBundle': Unable to get bean for id 'AuraDefinitionBundle'
 WARN [2017-05-09 18:30:22,189] (ComponentFactory.java:getComponentBean:1149) - Unable to get component for id 'ExternalDataSource': Unable to get bean for id 'ExternalDataSource'
 WARN [2017-05-09 18:30:22,189] (ComponentFactory.java:getComponentBean:1149) - Unable to get component for id 'NamedCredential': Unable to get bean for id 'NamedCredential'
 WARN [2017-05-09 18:30:22,199] (ComponentFactory.java:getComponentBean:1149) - Unable to get component for id 'GlobalPicklist': Unable to get bean for id 'GlobalPicklist'
 WARN [2017-05-09 18:30:22,199] (ComponentFactory.java:getComponentBean:1149) - Unable to get component for id 'CustomFeedFilter': Unable to get bean for id 'CustomFeedFilter'
 WARN [2017-05-09 18:30:22,209] (ComponentFactory.java:getComponentBean:1149) - Unable to get component for id 'FlowDefinition': Unable to get bean for id 'FlowDefinition'
 WARN [2017-05-09 18:30:22,219] (ComponentFactory.java:getComponentBean:1149) - Unable to get component for id 'MatchingRules': Unable to get bean for id 'MatchingRules'
 WARN [2017-05-09 18:30:22,219] (ComponentFactory.java:getComponentBean:1149) - Unable to get component for id 'ChannelLayout': Unable to get bean for id 'ChannelLayout'
 WARN [2017-05-09 18:30:22,229] (ComponentFactory.java:getComponentBean:1149) - Unable to get component for id 'SharingRules': Unable to get bean for id 'SharingRules'
 WARN [2017-05-09 18:30:22,229] (ComponentFactory.java:getComponentBean:1149) - Unable to get component for id 'DelegateGroup': Unable to get bean for id 'DelegateGroup'
 WARN [2017-05-09 18:30:22,239] (ComponentFactory.java:getComponentBean:1149) - Unable to get component for id 'CorsWhitelistOrigin': Unable to get bean for id 'CorsWhitelistOrigin'
 WARN [2017-05-09 18:30:22,249] (ComponentFactory.java:getComponentBean:1149) - Unable to get component for id 'ActionLinkGroupTemplate': Unable to get bean for id 'ActionLinkGroupTemplate'
 WARN [2017-05-09 18:30:22,249] (ComponentFactory.java:getComponentBean:1149) - Unable to get component for id 'TransactionSecurityPolicy': Unable to get bean for id 'TransactionSecurityPolicy'
 WARN [2017-05-09 18:30:22,259] (ComponentFactory.java:getComponentBean:1149) - Unable to get component for id 'SynonymDictionary': Unable to get bean for id 'SynonymDictionary'
 WARN [2017-05-09 18:30:22,259] (ComponentFactory.java:getComponentBean:1149) - Unable to get component for id 'PathAssistant': Unable to get bean for id 'PathAssistant'
 WARN [2017-05-09 18:30:22,269] (ComponentFactory.java:getComponentBean:1149) - Unable to get component for id 'LeadConvertSettings': Unable to get bean for id 'LeadConvertSettings'
 WARN [2017-05-09 18:30:22,269] (ComponentFactory.java:getComponentBean:1149) - Unable to get component for id 'PlatformCachePartition': Unable to get bean for id 'PlatformCachePartition'
 WARN [2017-05-09 18:31:45,525] (ComponentFactory.java:getComponentBean:1149) - Unable to get component for id 'ActionLinkGroupTemplate': Unable to get bean for id 'ActionLinkGroupTemplate'
 WARN [2017-05-09 18:31:45,535] (ComponentFactory.java:getComponentBean:1149) - Unable to get component for id 'AuraDefinitionBundle': Unable to get bean for id 'AuraDefinitionBundle'
 WARN [2017-05-09 18:31:45,545] (ComponentFactory.java:getComponentBean:1149) - Unable to get component for id 'Certificate': Unable to get bean for id 'Certificate'
 WARN [2017-05-09 18:31:45,555] (ComponentFactory.java:getComponentBean:1149) - Unable to get component for id 'ChannelLayout': Unable to get bean for id 'ChannelLayout'
 WARN [2017-05-09 18:31:45,565] (ComponentFactory.java:getComponentBean:1149) - Unable to get component for id 'CorsWhitelistOrigin': Unable to get bean for id 'CorsWhitelistOrigin'
 WARN [2017-05-09 18:31:45,565] (ComponentFactory.java:getComponentBean:1149) - Unable to get component for id 'CustomFeedFilter': Unable to get bean for id 'CustomFeedFilter'
 WARN [2017-05-09 18:31:45,586] (ComponentFactory.java:getComponentBean:1149) - Unable to get component for id 'DelegateGroup': Unable to get bean for id 'DelegateGroup'
 WARN [2017-05-09 18:31:45,595] (ComponentFactory.java:getComponentBean:1149) - Unable to get component for id 'ExternalDataSource': Unable to get bean for id 'ExternalDataSource'
 WARN [2017-05-09 18:31:45,601] (ComponentFactory.java:getComponentBean:1149) - Unable to get component for id 'FlowDefinition': Unable to get bean for id 'FlowDefinition'
 WARN [2017-05-09 18:31:45,606] (ComponentFactory.java:getComponentBean:1149) - Unable to get component for id 'GlobalPicklist': Unable to get bean for id 'GlobalPicklist'
 WARN [2017-05-09 18:31:45,607] (ComponentFactory.java:getComponentBean:1149) - Unable to get component for id 'LeadConvertSettings': Unable to get bean for id 'LeadConvertSettings'
 WARN [2017-05-09 18:31:45,617] (ComponentFactory.java:getComponentBean:1149) - Unable to get component for id 'MatchingRule': Unable to get bean for id 'MatchingRule'
 WARN [2017-05-09 18:31:45,617] (ComponentFactory.java:getComponentBean:1149) - Unable to get component for id 'MatchingRules': Unable to get bean for id 'MatchingRules'
 WARN [2017-05-09 18:31:45,627] (ComponentFactory.java:getComponentBean:1149) - Unable to get component for id 'NamedCredential': Unable to get bean for id 'NamedCredential'
 WARN [2017-05-09 18:31:45,627] (ComponentFactory.java:getComponentBean:1149) - Unable to get component for id 'PathAssistant': Unable to get bean for id 'PathAssistant'
 WARN [2017-05-09 18:31:45,637] (ComponentFactory.java:getComponentBean:1149) - Unable to get component for id 'PlatformCachePartition': Unable to get bean for id 'PlatformCachePartition'
 WARN [2017-05-09 18:31:45,647] (ComponentFactory.java:getComponentBean:1149) - Unable to get component for id 'SharingCriteriaRule': Unable to get bean for id 'SharingCriteriaRule'
 WARN [2017-05-09 18:31:45,647] (ComponentFactory.java:getComponentBean:1149) - Unable to get component for id 'SharingOwnerRule': Unable to get bean for id 'SharingOwnerRule'
 WARN [2017-05-09 18:31:45,657] (ComponentFactory.java:getComponentBean:1149) - Unable to get component for id 'SharingRules': Unable to get bean for id 'SharingRules'
 WARN [2017-05-09 18:31:45,677] (ComponentFactory.java:getComponentBean:1149) - Unable to get component for id 'TransactionSecurityPolicy': Unable to get bean for id 'TransactionSecurityPolicy'
